Build started 02-Jun-18 5:08:37 PM.
     1>Project "C:\Users\krush\Documents\Visual Studio 2013\Projects\Database\Database\Database.vcxproj" on node 2 (Build target(s)).
     1>ClCompile:
         C:\Program Files (x86)\Microsoft Visual Studio 12.0\VC\bin\CL.exe /c /ZI /nologo /W3 /WX- /sdl /Od /Oy- /D WIN32 /D _DEBUG /D _CONSOLE /D _LIB /D _UNICODE /D UNICODE /Gm /EHsc /RTC1 /MDd /GS /fp:precise /Zc:wchar_t /Zc:forScope /Fo"Debug\\" /Fd"Debug\vc120.pdb" /Gd /TP /analyze- /errorReport:prompt Source.cpp
         Source.cpp
     1>c:\users\krush\documents\visual studio 2013\projects\database\database\database.h(94): warning C4018: '<' : signed/unsigned mismatch
     1>c:\users\krush\documents\visual studio 2013\projects\database\database\database.h(124): warning C4018: '<' : signed/unsigned mismatch
     1>c:\users\krush\documents\visual studio 2013\projects\database\database\database.h(144): warning C4018: '<' : signed/unsigned mismatch
     1>c:\users\krush\documents\visual studio 2013\projects\database\database\database.h(190): warning C4018: '<' : signed/unsigned mismatch
     1>c:\users\krush\documents\visual studio 2013\projects\database\database\database.h(218): warning C4018: '<' : signed/unsigned mismatch
     1>c:\users\krush\documents\visual studio 2013\projects\database\database\database.h(384): warning C4018: '<' : signed/unsigned mismatch
     1>c:\users\krush\documents\visual studio 2013\projects\database\database\database.h(428): warning C4018: '<' : signed/unsigned mismatch
     1>c:\users\krush\documents\visual studio 2013\projects\database\database\database.h(438): warning C4018: '<' : signed/unsigned mismatch
     1>c:\users\krush\documents\visual studio 2013\projects\database\database\database.h(99): warning C4715: 'get_column_index' : not all control paths return a value
       Link:
         C:\Program Files (x86)\Microsoft Visual Studio 12.0\VC\bin\link.exe /ERRORREPORT:PROMPT /OUT:"C:\Users\krush\Documents\Visual Studio 2013\Projects\Database\Debug\Database.exe" /INCREMENTAL /NOLOGO pthreadVC2.lib kernel32.lib user32.lib gdi32.lib winspool.lib comdlg32.lib advapi32.lib shell32.lib ole32.lib oleaut32.lib uuid.lib odbc32.lib odbccp32.lib kernel32.lib user32.lib gdi32.lib winspool.lib comdlg32.lib advapi32.lib shell32.lib ole32.lib oleaut32.lib uuid.lib odbc32.lib odbccp32.lib /MANIFEST /MANIFESTUAC:"level='asInvoker' uiAccess='false'" /manifest:embed /DEBUG /PDB:"C:\Users\krush\Documents\Visual Studio 2013\Projects\Database\Debug\Database.pdb" /SUBSYSTEM:CONSOLE /TLBID:1 /DYNAMICBASE /NXCOMPAT /IMPLIB:"C:\Users\krush\Documents\Visual Studio 2013\Projects\Database\Debug\Database.lib" /MACHINE:X86 Debug\Source.obj
         Database.vcxproj -> C:\Users\krush\Documents\Visual Studio 2013\Projects\Database\Debug\Database.exe
     1>Done Building Project "C:\Users\krush\Documents\Visual Studio 2013\Projects\Database\Database\Database.vcxproj" (Build target(s)).

Build succeeded.

Time Elapsed 00:00:00.74
